<?xml version="1.0" encoding="UTF-8"?>
<testng-results ignored="0" total="1" passed="1" failed="0" skipped="0">
  <reporter-output>
  </reporter-output>
  <suite started-at="2023-08-19T17:12:08Z" name="Default suite" finished-at="2023-08-19T17:12:10Z" duration-ms="1403">
    <groups>
    </groups>
    <test started-at="2023-08-19T17:12:08Z" name="Default test" finished-at="2023-08-19T17:12:10Z" duration-ms="1403">
      <class name="loginTestCases.TC_05_LoginExcel">
        <test-method is-config="true" signature="startWebDriver()[pri:0, instance:loginTestCases.TC_05_LoginExcel@692fd26]" started-at="2023-08-19T11:12:08Z" name="startWebDriver" finished-at="2023-08-19T11:12:09Z" duration-ms="541" status="PASS">
          <reporter-output>
          </reporter-output>
        </test-method> <!-- startWebDriver -->
        <test-method signature="TC_05()[pri:0, instance:loginTestCases.TC_05_LoginExcel@692fd26]" started-at="2023-08-19T11:12:09Z" name="TC_05" finished-at="2023-08-19T11:12:09Z" duration-ms="522" status="PASS">
          <reporter-output>
          </reporter-output>
        </test-method> <!-- TC_05 -->
        <test-method is-config="true" signature="closeDriver()[pri:0, instance:loginTestCases.TC_05_LoginExcel@692fd26]" started-at="2023-08-19T11:12:09Z" name="closeDriver" finished-at="2023-08-19T11:12:10Z" duration-ms="325" status="PASS">
          <reporter-output>
          </reporter-output>
        </test-method> <!-- closeDriver -->
      </class> <!-- loginTestCases.TC_05_LoginExcel -->
    </test> <!-- Default test -->
  </suite> <!-- Default suite -->
</testng-results>
